# JRE version: Java(TM) SE Runtime Environment (8.0_60-b27) (build 1.8.0_60-b27)
# Java VM: Java HotSpot(TM) 64-Bit Server VM (25.60-b23 mixed mode windows-amd64 compressed oops)
Heap:
 PSYoungGen      total 232448K, used 23891K [0x000000076b400000, 0x000000077d300000, 0x00000007c0000000)
  eden space 209408K, 11% used [0x000000076b400000,0x000000076cb54d88,0x0000000778080000)
  from space 23040K, 0% used [0x0000000778080000,0x0000000778080000,0x0000000779700000)
  to   space 24064K, 0% used [0x000000077bb80000,0x000000077bb80000,0x000000077d300000)
 ParOldGen       total 233472K, used 33099K [0x00000006c1c00000, 0x00000006d0000000, 0x000000076b400000)
  object space 233472K, 14% used [0x00000006c1c00000,0x00000006c3c52cd8,0x00000006d0000000)
 Metaspace       used 57129K, capacity 59634K, committed 59776K, reserved 1101824K
  class space    used 7788K, capacity 8228K, committed 8320K, reserved 1048576K
GC Heap History (10 events):
Event: 2.719 GC heap before
{Heap before GC invocations=8 (full 2):
 PSYoungGen      total 169472K, used 14313K [0x000000076b400000, 0x0000000779100000, 0x00000007c0000000)
  eden space 155136K, 0% used [0x000000076b400000,0x000000076b400000,0x0000000774b80000)
  from space 14336K, 99% used [0x0000000775e00000,0x0000000776bfa618,0x0000000776c00000)
  to   space 18944K, 0% used [0x0000000774b80000,0x0000000774b80000,0x0000000775e00000)
 ParOldGen       total 99328K, used 11509K [0x00000006c1c00000, 0x00000006c7d00000, 0x000000076b400000)
  object space 99328K, 11% used [0x00000006c1c00000,0x00000006c273d7a0,0x00000006c7d00000)
 Metaspace       used 34045K, capacity 35424K, committed 35496K, reserved 1079296K
  class space    used 4565K, capacity 4851K, committed 4864K, reserved 1048576K
Event: 2.795 GC heap after
Heap after GC invocations=8 (full 2):
 PSYoungGen      total 169472K, used 0K [0x000000076b400000, 0x0000000779100000, 0x00000007c0000000)
  eden space 155136K, 0% used [0x000000076b400000,0x000000076b400000,0x0000000774b80000)
  from space 14336K, 0% used [0x0000000775e00000,0x0000000775e00000,0x0000000776c00000)
  to   space 18944K, 0% used [0x0000000774b80000,0x0000000774b80000,0x0000000775e00000)
 ParOldGen       total 170496K, used 24036K [0x00000006c1c00000, 0x00000006cc280000, 0x000000076b400000)
  object space 170496K, 14% used [0x00000006c1c00000,0x00000006c3379268,0x00000006cc280000)
 Metaspace       used 34045K, capacity 35424K, committed 35496K, reserved 1079296K
  class space    used 4565K, capacity 4851K, committed 4864K, reserved 1048576K
}
Event: 4.331 GC heap before
{Heap before GC invocations=9 (full 2):
 PSYoungGen      total 169472K, used 155136K [0x000000076b400000, 0x0000000779100000, 0x00000007c0000000)
  eden space 155136K, 100% used [0x000000076b400000,0x0000000774b80000,0x0000000774b80000)
  from space 14336K, 0% used [0x0000000775e00000,0x0000000775e00000,0x0000000776c00000)
  to   space 18944K, 0% used [0x0000000774b80000,0x0000000774b80000,0x0000000775e00000)
 ParOldGen       total 170496K, used 24036K [0x00000006c1c00000, 0x00000006cc280000, 0x000000076b400000)
  object space 170496K, 14% used [0x00000006c1c00000,0x00000006c3379268,0x00000006cc280000)
 Metaspace       used 46548K, capacity 48570K, committed 48768K, reserved 1091584K
  class space    used 6358K, capacity 6730K, committed 6784K, reserved 1048576K
Event: 4.342 GC heap after
Heap after GC invocations=9 (full 2):
 PSYoungGen      total 174080K, used 17700K [0x000000076b400000, 0x000000077ad00000, 0x00000007c0000000)
  eden space 155136K, 0% used [0x000000076b400000,0x000000076b400000,0x0000000774b80000)
  from space 18944K, 93% used [0x0000000774b80000,0x0000000775cc91c0,0x0000000775e00000)
  to   space 21504K, 0% used [0x0000000779800000,0x0000000779800000,0x000000077ad00000)
 ParOldGen       total 170496K, used 24044K [0x00000006c1c00000, 0x00000006cc280000, 0x000000076b400000)
  object space 170496K, 14% used [0x00000006c1c00000,0x00000006c337b268,0x00000006cc280000)
 Metaspace       used 46548K, capacity 48570K, committed 48768K, reserved 1091584K
  class space    used 6358K, capacity 6730K, committed 6784K, reserved 1048576K
}
Event: 5.180 GC heap before
{Heap before GC invocations=10 (full 2):
 PSYoungGen      total 174080K, used 172836K [0x000000076b400000, 0x000000077ad00000, 0x00000007c0000000)
  eden space 155136K, 100% used [0x000000076b400000,0x0000000774b80000,0x0000000774b80000)
  from space 18944K, 93% used [0x0000000774b80000,0x0000000775cc91c0,0x0000000775e00000)
  to   space 21504K, 0% used [0x0000000779800000,0x0000000779800000,0x000000077ad00000)
 ParOldGen       total 170496K, used 24044K [0x00000006c1c00000, 0x00000006cc280000, 0x000000076b400000)
  object space 170496K, 14% used [0x00000006c1c00000,0x00000006c337b268,0x00000006cc280000)
 Metaspace       used 50489K, capacity 52796K, committed 52992K, reserved 1095680K
  class space    used 6934K, capacity 7353K, committed 7424K, reserved 1048576K
Event: 5.192 GC heap after
Heap after GC invocations=10 (full 2):
 PSYoungGen      total 230912K, used 17095K [0x000000076b400000, 0x000000077ad80000, 0x00000007c0000000)
  eden space 209408K, 0% used [0x000000076b400000,0x000000076b400000,0x0000000778080000)
  from space 21504K, 79% used [0x0000000779800000,0x000000077a8b1c00,0x000000077ad00000)
  to   space 23040K, 0% used [0x0000000778080000,0x0000000778080000,0x0000000779700000)
 ParOldGen       total 170496K, used 24052K [0x00000006c1c00000, 0x00000006cc280000, 0x000000076b400000)
  object space 170496K, 14% used [0x00000006c1c00000,0x00000006c337d268,0x00000006cc280000)
 Metaspace       used 50489K, capacity 52796K, committed 52992K, reserved 1095680K
  class space    used 6934K, capacity 7353K, committed 7424K, reserved 1048576K
}
Event: 122.351 GC heap before
{Heap before GC invocations=11 (full 2):
 PSYoungGen      total 230912K, used 85912K [0x000000076b400000, 0x000000077ad80000, 0x00000007c0000000)
  eden space 209408K, 32% used [0x000000076b400000,0x000000076f734630,0x0000000778080000)
  from space 21504K, 79% used [0x0000000779800000,0x000000077a8b1c00,0x000000077ad00000)
  to   space 23040K, 0% used [0x0000000778080000,0x0000000778080000,0x0000000779700000)
 ParOldGen       total 170496K, used 24052K [0x00000006c1c00000, 0x00000006cc280000, 0x000000076b400000)
  object space 170496K, 14% used [0x00000006c1c00000,0x00000006c337d268,0x00000006cc280000)
 Metaspace       used 56546K, capacity 59030K, committed 59136K, reserved 1099776K
  class space    used 7684K, capacity 8148K, committed 8192K, reserved 1048576K
Event: 122.364 GC heap after
Heap after GC invocations=11 (full 2):
 PSYoungGen      total 232448K, used 17711K [0x000000076b400000, 0x000000077d300000, 0x00000007c0000000)
  eden space 209408K, 0% used [0x000000076b400000,0x000000076b400000,0x0000000778080000)
  from space 23040K, 76% used [0x0000000778080000,0x00000007791cbcb8,0x0000000779700000)
  to   space 24064K, 0% used [0x000000077bb80000,0x000000077bb80000,0x000000077d300000)
 ParOldGen       total 170496K, used 24060K [0x00000006c1c00000, 0x00000006cc280000, 0x000000076b400000)
  object space 170496K, 14% used [0x00000006c1c00000,0x00000006c337f268,0x00000006cc280000)
 Metaspace       used 56546K, capacity 59030K, committed 59136K, reserved 1099776K
  class space    used 7684K, capacity 8148K, committed 8192K, reserved 1048576K
}
Event: 122.364 GC heap before
{Heap before GC invocations=12 (full 3):
 PSYoungGen      total 232448K, used 17711K [0x000000076b400000, 0x000000077d300000, 0x00000007c0000000)
  eden space 209408K, 0% used [0x000000076b400000,0x000000076b400000,0x0000000778080000)
  from space 23040K, 76% used [0x0000000778080000,0x00000007791cbcb8,0x0000000779700000)
  to   space 24064K, 0% used [0x000000077bb80000,0x000000077bb80000,0x000000077d300000)
 ParOldGen       total 170496K, used 24060K [0x00000006c1c00000, 0x00000006cc280000, 0x000000076b400000)
  object space 170496K, 14% used [0x00000006c1c00000,0x00000006c337f268,0x00000006cc280000)
 Metaspace       used 56546K, capacity 59030K, committed 59136K, reserved 1099776K
  class space    used 7684K, capacity 8148K, committed 8192K, reserved 1048576K
Event: 122.463 GC heap after
Heap after GC invocations=12 (full 3):
 PSYoungGen      total 232448K, used 0K [0x000000076b400000, 0x000000077d300000, 0x00000007c0000000)
  eden space 209408K, 0% used [0x000000076b400000,0x000000076b400000,0x0000000778080000)
  from space 23040K, 0% used [0x0000000778080000,0x0000000778080000,0x0000000779700000)
  to   space 24064K, 0% used [0x000000077bb80000,0x000000077bb80000,0x000000077d300000)
 ParOldGen       total 233472K, used 33099K [0x00000006c1c00000, 0x00000006d0000000, 0x000000076b400000)
  object space 233472K, 14% used [0x00000006c1c00000,0x00000006c3c52cd8,0x00000006d0000000)
 Metaspace       used 56546K, capacity 59030K, committed 59136K, reserved 1099776K
  class space    used 7684K, capacity 8148K, committed 8192K, reserved 1048576K
}

